<?xml version="1.0" encoding="UTF-8"?>
<!-- Generated by org.testng.reporters.JUnitXMLReporter -->
<testsuite hostname="EYALKOPEL-LT" name="TestIOS" tests="1" failures="1" timestamp="4 Jan 2018 08:24:58 GMT" time="132.367" errors="0">
  <testcase name="test" time="51.834" classname="com.experitest.auto.IOSDemoTest">
    <failure type="org.openqa.selenium.NoSuchElementException" message="no such element (An element could not be located on the page using the given search parameters (XPATH=&amp;apos;//*[@accessibilityLabel=&amp;apos;Logout&amp;apos;]&amp;apos;))  (WARNING: The server did not provide any stacktrace information)
Command duration or timeout: 2.50 seconds
For documentation on this error, please visit: http://seleniumhq.org/exceptions/no_such_element.html
Build info: version: &amp;apos;2.53.1&amp;apos;, revision: &amp;apos;a36b8b1cd5757287168e54b817830adce9b0158d&amp;apos;, time: &amp;apos;2016-06-30 19:26:09&amp;apos;
System info: host: &amp;apos;EYALKOPEL-LT&amp;apos;, ip: &amp;apos;192.168.2.125&amp;apos;, os.name: &amp;apos;Windows 10&amp;apos;, os.arch: &amp;apos;amd64&amp;apos;, os.version: &amp;apos;10.0&amp;apos;, java.version: &amp;apos;1.8.0_131&amp;apos;
Driver info: io.appium.java_client.ios.IOSDriver
Capabilities [{device.majorVersion=11.x, dontGoHomeOnQuit=false, device.os=iOS, noReset=false, dontStopAppOnReset=false, project=Default, reservationDuration=240, reportFormat=xml, fullReset=false, platform=ANY, desired={app=cloud:com.experitest.ExperiBank, deviceQuery=@os=&amp;apos;ios&amp;apos; and @version!=&amp;apos;11.1.2&amp;apos;, instrumentApp=true, bundleId=com.experitest.ExperiBank, reportDirectory=reports, project=Default, reportFormat=xml, platformName=iOS, testName=IOSDemoTest}, device.serialNumber=1d3e36fba9e9d23918ca4f4b8760d0c10ce24b3b, device.version=11.0, deviceQuery=@os=&amp;apos;ios&amp;apos; and @version!=&amp;apos;11.1.2&amp;apos;, automationName=XCUITest, reportDirectory=reports, autoWebview=false, platformName=iOS, testName=IOSDemoTest, device.screenSize=750x1334, useKeystore=false, app=cloud:com.experitest.ExperiBank, cloudViewLink=http://sales.experitest.com/agent-9/#/NhpLMpESPv07YPpw?1
Picked up Grid Node (seetest_7778)
Reserved Device : IPhone6, instrumentApp=true, device.manufacture=Apple, device.category=PHONE, bundleId=cloud:com.experitest.ExperiBank, autoDismissAlerts=false, reportUrl=https://sales-reporter.experitest.com/#/test/3333, keystorePath=~/.android/debug.keystore, waitForDeviceTimeout=120000, device.model=iPhone 6, device.name=IPhone6, projectName=, gridNodePort=7778, autoAcceptAlerts=false}]
Session ID: CLOUD-SID:2018-01-04_10-22-42-8f75242b-59e2-4a32-b0c3-b02fb5b3b543
*** Element info: {Using=xpath, value=//*[@accessibilityLabel=&amp;apos;Logout&amp;apos;]}">
      <![CDATA[org.openqa.selenium.NoSuchElementException: no such element (An element could not be located on the page using the given search parameters (XPATH='//*[@accessibilityLabel='Logout']'))  (WARNING: The server did not provide any stacktrace information)
Command duration or timeout: 2.50 seconds
For documentation on this error, please visit: http://seleniumhq.org/exceptions/no_such_element.html
Build info: version: '2.53.1', revision: 'a36b8b1cd5757287168e54b817830adce9b0158d', time: '2016-06-30 19:26:09'
System info: host: 'EYALKOPEL-LT', ip: '192.168.2.125', os.name: 'Windows 10', os.arch: 'amd64', os.version: '10.0', java.version: '1.8.0_131'
Driver info: io.appium.java_client.ios.IOSDriver
Capabilities [{device.majorVersion=11.x, dontGoHomeOnQuit=false, device.os=iOS, noReset=false, dontStopAppOnReset=false, project=Default, reservationDuration=240, reportFormat=xml, fullReset=false, platform=ANY, desired={app=cloud:com.experitest.ExperiBank, deviceQuery=@os='ios' and @version!='11.1.2', instrumentApp=true, bundleId=com.experitest.ExperiBank, reportDirectory=reports, project=Default, reportFormat=xml, platformName=iOS, testName=IOSDemoTest}, device.serialNumber=1d3e36fba9e9d23918ca4f4b8760d0c10ce24b3b, device.version=11.0, deviceQuery=@os='ios' and @version!='11.1.2', automationName=XCUITest, reportDirectory=reports, autoWebview=false, platformName=iOS, testName=IOSDemoTest, device.screenSize=750x1334, useKeystore=false, app=cloud:com.experitest.ExperiBank, cloudViewLink=http://sales.experitest.com/agent-9/#/NhpLMpESPv07YPpw?1
Picked up Grid Node (seetest_7778)
Reserved Device : IPhone6, instrumentApp=true, device.manufacture=Apple, device.category=PHONE, bundleId=cloud:com.experitest.ExperiBank, autoDismissAlerts=false, reportUrl=https://sales-reporter.experitest.com/#/test/3333, keystorePath=~/.android/debug.keystore, waitForDeviceTimeout=120000, device.model=iPhone 6, device.name=IPhone6, projectName=, gridNodePort=7778, autoAcceptAlerts=false}]
Session ID: CLOUD-SID:2018-01-04_10-22-42-8f75242b-59e2-4a32-b0c3-b02fb5b3b543
*** Element info: {Using=xpath, value=//*[@accessibilityLabel='Logout']}
	at org.openqa.selenium.remote.ErrorHandler.createThrowable(ErrorHandler.java:206)
	at org.openqa.selenium.remote.ErrorHandler.throwIfResponseFailed(ErrorHandler.java:158)
	at org.openqa.selenium.remote.RemoteWebDriver.execute(RemoteWebDriver.java:678)
	at io.appium.java_client.DefaultGenericMobileDriver.execute(DefaultGenericMobileDriver.java:40)
	at io.appium.java_client.AppiumDriver.execute(AppiumDriver.java:1)
	at io.appium.java_client.ios.IOSDriver.execute(IOSDriver.java:1)
	at org.openqa.selenium.remote.RemoteWebDriver.findElement(RemoteWebDriver.java:363)
	at io.appium.java_client.DefaultGenericMobileDriver.findElement(DefaultGenericMobileDriver.java:56)
	at io.appium.java_client.AppiumDriver.findElement(AppiumDriver.java:1)
	at io.appium.java_client.ios.IOSDriver.findElement(IOSDriver.java:1)
	at org.openqa.selenium.remote.RemoteWebDriver.findElementByXPath(RemoteWebDriver.java:500)
	at io.appium.java_client.DefaultGenericMobileDriver.findElementByXPath(DefaultGenericMobileDriver.java:134)
	at io.appium.java_client.AppiumDriver.findElementByXPath(AppiumDriver.java:1)
	at io.appium.java_client.ios.IOSDriver.findElementByXPath(IOSDriver.java:1)
	at org.openqa.selenium.By$ByXPath.findElement(By.java:361)
	at org.openqa.selenium.remote.RemoteWebDriver.findElement(RemoteWebDriver.java:355)
	at io.appium.java_client.DefaultGenericMobileDriver.findElement(DefaultGenericMobileDriver.java:52)
	at io.appium.java_client.AppiumDriver.findElement(AppiumDriver.java:1)
	at io.appium.java_client.ios.IOSDriver.findElement(IOSDriver.java:1)
	at com.experitest.auto.IOSDemoTest.test(IOSDemoTest.java:50)
	at java.util.concurrent.FutureTask.run(FutureTask.java:266)
	at java.util.concurrent.ThreadPoolExecutor.runWorker(ThreadPoolExecutor.java:1142)
	at java.util.concurrent.ThreadPoolExecutor$Worker.run(ThreadPoolExecutor.java:617)
	at java.lang.Thread.run(Thread.java:748)
... Removed 20 stack frames]]>
    </failure>
  </testcase> <!-- test -->
</testsuite> <!-- TestIOS -->
